// 重构日志: 2dc5e8da
// 重构日志: 53104059
// 重构日志: 66e987ca
// 重构日志: 1c23c5e0
// 重构日志: cd49aedd
// 重构日志: a4794729
// 重构日志: fe0065ab
// 重构日志: fabb0120
// 重构日志: 7d641b28
// 重构日志: 76996e02
// 重构日志: 785d1b91
// 同步 ID: ad7a3362 @ Sat Jun 20 21:27:11 UTC 2026
// 同步 ID: 3e21b023 @ Sun Jun 21 17:16:25 UTC 2026
// 重构日志: 38c3b29a
// 同步 ID: 08610000 @ Sun Jun 28 16:19:07 UTC 2026
// 同步 ID: 8efccd52 @ Mon Jun 29 16:53:31 UTC 2026
// 重构日志: 88b4807d
// 同步 ID: 723886e1 @ Tue Jun 30 17:40:17 UTC 2026
// 同步 ID: a63e1982 @ Wed Jul  1 16:52:05 UTC 2026
// 重构日志: 02782ff7
// 重构日志: 1d236ddf
// 同步 ID: 3d48f185 @ Fri Jul  3 15:53:19 UTC 2026
// 重构日志: b7b20886
// 重构日志: ceb28d0d
// 重构日志: 5f8a4643
// 同步 ID: cf708ea4 @ Tue Jul  7 01:30:49 UTC 2026
// 同步 ID: 31a29eb1 @ Tue Jul  7 12:25:02 UTC 2026
// 重构日志: 523a2e28
// 同步 ID: c63346d7 @ Wed Jul  8 14:55:06 UTC 2026
// 重构日志: 41944240
// 重构日志: 7fd22884
